<?xml version="1.0" encoding="UTF-8"?>
<!-- Generated by org.testng.reporters.JUnitXMLReporter -->
<testsuite ignored="0" hostname="DESKTOP-B7M5UT8" failures="1" tests="1" name="Test3" time="17.119" errors="0" timestamp="2023-11-14T21:58:24 EST">
  <testcase classname="Regression1.NewTest" name="f" time="4.114">
    <failure type="java.io.FileNotFoundException" message="C:\Users\akbar\eclipse-workspace1\Sampleproject.com\pictures\T2-pass\Tue-Nov-14-21-58-23-EST-2023.png (The system cannot find the path specified)">
      <![CDATA[java.io.FileNotFoundException: C:\Users\akbar\eclipse-workspace1\Sampleproject.com\pictures\T2-pass\Tue-Nov-14-21-58-23-EST-2023.png (The system cannot find the path specified)
at java.base/java.io.FileOutputStream.open0(Native Method)
at java.base/java.io.FileOutputStream.open(FileOutputStream.java:293)
at java.base/java.io.FileOutputStream.<init>(FileOutputStream.java:235)
at java.base/java.io.FileOutputStream.<init>(FileOutputStream.java:184)
at org.openqa.selenium.io.FileHandler.copyFile(FileHandler.java:131)
at org.openqa.selenium.io.FileHandler.copy(FileHandler.java:110)
at Common.Base.shots(Base.java:75)
at Regression1.NewTest.f(NewTest.java:25)
at java.base/java.util.ArrayList.forEach(ArrayList.java:1511)
... Removed 27 stack frames]]>
    </failure>
  </testcase> <!-- f -->
</testsuite> <!-- Test3 -->
